<?xml version="1.0" encoding="UTF-8"?>
<!-- Generated by org.testng.reporters.JUnitReportReporter -->
<testsuite hostname="DESKTOP-493EAAE" failures="0" tests="2" name="testingbaba.Testingbaba_links_test" time="2.325" errors="0" timestamp="2022-03-26T19:47:47 IST" skipped="0">
  <testcase classname="testingbaba.Testingbaba_links_test" name="LinksTestingBaba_test01" time="0.051"/>
  <system-out>
    <![CDATA[Testcase LinksTestingBaba_test01 started successfully
Testcase LinksTestingBaba_test01 passed successfully]]>
  </system-out>
  <testcase classname="testingbaba.Testingbaba_links_test" name="LinksTestingBaba_test02" time="2.274"/>
  <system-out>
    <![CDATA[Testcase LinksTestingBaba_test02 started successfully
Testcase LinksTestingBaba_test02 passed successfully]]>
  </system-out>
</testsuite> <!-- testingbaba.Testingbaba_links_test -->
