<?xml version="1.0" encoding="UTF-8"?>
<!-- Generated by org.testng.reporters.JUnitReportReporter -->
<testsuite hostname="DESKTOP-493EAAE" failures="0" tests="3" name="testingbaba.Testingbaba_checkbox_test" time="9.610" errors="0" timestamp="2022-03-26T19:47:47 IST" skipped="0">
  <testcase classname="testingbaba.Testingbaba_checkbox_test" name="CheckboxTestingBaba_test01" time="0.047"/>
  <system-out>
    <![CDATA[Testcase CheckboxTestingBaba_test01 started successfully
Testcase CheckboxTestingBaba_test01 passed successfully]]>
  </system-out>
  <testcase classname="testingbaba.Testingbaba_checkbox_test" name="CheckboxTestingBaba_test02" time="4.167"/>
  <system-out>
    <![CDATA[Testcase CheckboxTestingBaba_test02 started successfully
Testcase CheckboxTestingBaba_test02 passed successfully]]>
  </system-out>
  <testcase classname="testingbaba.Testingbaba_checkbox_test" name="CheckboxTestingBaba_test03" time="5.396"/>
  <system-out>
    <![CDATA[Testcase CheckboxTestingBaba_test03 started successfully
Testcase CheckboxTestingBaba_test03 passed successfully]]>
  </system-out>
</testsuite> <!-- testingbaba.Testingbaba_checkbox_test -->
