<?xml version="1.0" encoding="UTF-8"?>
<!-- Generated by org.testng.reporters.JUnitReportReporter -->
<testsuite hostname="DESKTOP-493EAAE" failures="0" tests="4" name="testingbaba.Testingbaba_textbox_test" time="0.703" errors="0" timestamp="2022-03-27T00:10:29 IST" skipped="0">
  <testcase classname="testingbaba.Testingbaba_textbox_test" name="TextboxTestingBaba_test01" time="0.004"/>
  <system-out/>
  <testcase classname="testingbaba.Testingbaba_textbox_test" name="TextboxTestingBaba_test02" time="0.052"/>
  <system-out/>
  <testcase classname="testingbaba.Testingbaba_textbox_test" name="TextboxTestingBaba_test03" time="0.513"/>
  <system-out/>
  <testcase classname="testingbaba.Testingbaba_textbox_test" name="TextboxTestingBaba_test04" time="0.134"/>
  <system-out/>
</testsuite> <!-- testingbaba.Testingbaba_textbox_test -->
