<?xml version="1.0" encoding="UTF-8"?>
<!-- Generated by org.testng.reporters.JUnitReportReporter -->
<testsuite hostname="DESKTOP-493EAAE" failures="0" tests="1" name="testingbaba.Testingbaba_launch_test" time="0.012" errors="0" timestamp="2022-03-26T19:54:17 IST" skipped="0">
  <testcase classname="testingbaba.Testingbaba_launch_test" name="LaunchTestingBaba_test01" time="0.012"/>
  <system-out/>
</testsuite> <!-- testingbaba.Testingbaba_launch_test -->
