<?xml version="1.0" encoding="UTF-8"?>
<!-- Generated by org.testng.reporters.JUnitReportReporter -->
<testsuite hostname="DESKTOP-493EAAE" failures="0" tests="3" name="testingbaba.Testingbaba_buttons_test" time="1.238" errors="0" timestamp="2022-04-01T09:54:34 IST" skipped="0">
  <testcase classname="testingbaba.Testingbaba_buttons_test" name="ButtonsTestingBaba_test01" time="0.276"/>
  <system-out>
    <![CDATA[Testcase ButtonsTestingBaba_test01 started successfully
Testcase ButtonsTestingBaba_test01 passed successfully]]>
  </system-out>
  <testcase classname="testingbaba.Testingbaba_buttons_test" name="ButtonsTestingBaba_test02" time="0.733"/>
  <system-out>
    <![CDATA[Testcase ButtonsTestingBaba_test02 started successfully
Testcase ButtonsTestingBaba_test02 passed successfully]]>
  </system-out>
  <testcase classname="testingbaba.Testingbaba_buttons_test" name="ButtonsTestingBaba_test03" time="0.229"/>
  <system-out>
    <![CDATA[Testcase ButtonsTestingBaba_test03 started successfully
Testcase ButtonsTestingBaba_test03 passed successfully]]>
  </system-out>
</testsuite> <!-- testingbaba.Testingbaba_buttons_test -->
