<?xml version="1.0" encoding="UTF-8"?>
<!-- Generated by org.testng.reporters.JUnitReportReporter -->
<testsuite hostname="DESKTOP-493EAAE" failures="0" tests="3" name="testingbaba.Testingbaba_checkbox_test" time="10.959" errors="0" timestamp="2022-04-05T09:17:07 IST" skipped="0">
  <testcase classname="testingbaba.Testingbaba_checkbox_test" name="CheckboxTestingBaba_test01" time="0.138"/>
  <system-out>
    <![CDATA[Testcase CheckboxTestingBaba_test01 started successfully
Testcase CheckboxTestingBaba_test01 passed successfully]]>
  </system-out>
  <testcase classname="testingbaba.Testingbaba_checkbox_test" name="CheckboxTestingBaba_test02" time="4.142"/>
  <system-out>
    <![CDATA[Testcase CheckboxTestingBaba_test02 started successfully
Testcase CheckboxTestingBaba_test02 passed successfully]]>
  </system-out>
  <testcase classname="testingbaba.Testingbaba_checkbox_test" name="CheckboxTestingBaba_test03" time="6.679"/>
  <system-out>
    <![CDATA[Testcase CheckboxTestingBaba_test03 started successfully
Testcase CheckboxTestingBaba_test03 passed successfully]]>
  </system-out>
</testsuite> <!-- testingbaba.Testingbaba_checkbox_test -->
